<?xml version="1.0" encoding="UTF-8"?>
<!-- Generated by org.testng.reporters.JUnitReportReporter -->
<testsuite hostname="jaggu" failures="0" tests="2" name="TestCase.LoginTestCase" time="58.342" errors="0" timestamp="2023-09-11T17:31:15 IST" skipped="0">
  <testcase classname="TestCase.LoginTestCase" name="verifyValidLogin" time="31.846"/>
  <testcase classname="TestCase.LoginTestCase" name="verifyInvalidLogin" time="26.496"/>
</testsuite> <!-- TestCase.LoginTestCase -->
