<?xml version="1.0" encoding="UTF-8"?>
<!-- Generated by org.testng.reporters.JUnitReportReporter -->
<testsuite hostname="jaggu" failures="0" tests="1" name="TestCase.MyInfoTestCases" time="115.402" errors="0" timestamp="2023-09-11T21:28:01 IST" skipped="0">
  <testcase classname="TestCase.MyInfoTestCases" name="fillPersonalDetails" time="115.402"/>
</testsuite> <!-- TestCase.MyInfoTestCases -->
