<?xml version="1.0" encoding="UTF-8"?>
<!-- Generated by org.testng.reporters.JUnitReportReporter -->
<testsuite hostname="jaggu" failures="0" tests="2" name="TestNGAnnotations.TEstNGAnotation1" time="0.046" errors="0" timestamp="2023-09-02T18:52:50 IST" skipped="0">
  <testcase classname="TestNGAnnotations.TEstNGAnotation1" name="Test" time="0.036"/>
  <testcase classname="TestNGAnnotations.TEstNGAnotation1" name="Test1" time="0.010"/>
</testsuite> <!-- TestNGAnnotations.TEstNGAnotation1 -->
