<?xml version="1.0" encoding="UTF-8"?>
<!-- Generated by org.testng.reporters.JUnitReportReporter -->
<testsuite hostname="jaggu" failures="0" tests="1" name="TestNGAnnotations.AssertionDemo" time="17.757" errors="0" timestamp="2023-09-02T20:29:07 IST" skipped="0">
  <testcase classname="TestNGAnnotations.AssertionDemo" name="verifyinvalidlogin" time="17.757"/>
</testsuite> <!-- TestNGAnnotations.AssertionDemo -->
