<?xml version="1.0" encoding="UTF-8"?>
<!-- Generated by org.testng.reporters.JUnitReportReporter -->
<testsuite hostname="jaggu" failures="0" tests="4" name="TestNGAnnotations.dependsOnDemo" time="0.036" errors="0" timestamp="2023-08-30T19:24:20 IST" skipped="0">
  <testcase classname="TestNGAnnotations.dependsOnDemo" name="method3" time="0.007"/>
  <testcase classname="TestNGAnnotations.dependsOnDemo" name="method1" time="0.021"/>
  <testcase classname="TestNGAnnotations.dependsOnDemo" name="method2" time="0.004"/>
  <testcase classname="TestNGAnnotations.dependsOnDemo" name="method4" time="0.004"/>
</testsuite> <!-- TestNGAnnotations.dependsOnDemo -->
