<?xml version="1.0" encoding="UTF-8"?>
<!-- Generated by org.testng.reporters.JUnitReportReporter -->
<testsuite hostname="jaggu" failures="0" tests="2" name="TestNGAnnotations.priorityDemo" time="0.030" errors="0" timestamp="2023-08-30T18:25:49 IST" skipped="0">
  <testcase classname="TestNGAnnotations.priorityDemo" name="method2" time="0.021"/>
  <testcase classname="TestNGAnnotations.priorityDemo" name="method1" time="0.009"/>
</testsuite> <!-- TestNGAnnotations.priorityDemo -->
