<?xml version="1.0" encoding="UTF-8"?>
<!-- Generated by org.testng.reporters.JUnitReportReporter -->
<testsuite hostname="jaggu" failures="0" tests="3" name="TestNGAnnotations.groupDemo" time="0.048" errors="0" timestamp="2023-08-31T20:38:34 IST" skipped="0">
  <testcase classname="TestNGAnnotations.groupDemo" name="method1" time="0.027"/>
  <testcase classname="TestNGAnnotations.groupDemo" name="method2" time="0.004"/>
  <testcase classname="TestNGAnnotations.groupDemo" name="method3" time="0.017"/>
</testsuite> <!-- TestNGAnnotations.groupDemo -->
