<?xml version="1.0" encoding="UTF-8"?>
<!-- Generated by org.testng.reporters.JUnitReportReporter -->
<testsuite hostname="jaggu" failures="0" tests="3" name="TestNGAnnotations.dataprovider" time="0.031" errors="0" timestamp="2023-09-02T19:19:09 IST" skipped="0">
  <testcase classname="TestNGAnnotations.dataprovider" name="dataprovider" time="0.007"/>
  <testcase classname="TestNGAnnotations.dataprovider" name="dataprovider" time="0.008"/>
  <testcase classname="TestNGAnnotations.dataprovider" name="dataprovider" time="0.016"/>
</testsuite> <!-- TestNGAnnotations.dataprovider -->
