<?xml version="1.0" encoding="UTF-8"?>
<!-- Generated by org.testng.reporters.JUnitReportReporter -->
<testsuite hostname="jaggu" failures="0" tests="3" name="TestNGAnnotations.dataprovider1" time="0.034" errors="0" timestamp="2023-09-02T19:26:55 IST" skipped="0">
  <testcase classname="TestNGAnnotations.dataprovider1" name="login" time="0.012"/>
  <testcase classname="TestNGAnnotations.dataprovider1" name="login" time="0.006"/>
  <testcase classname="TestNGAnnotations.dataprovider1" name="login" time="0.016"/>
</testsuite> <!-- TestNGAnnotations.dataprovider1 -->
