<?xml version="1.0" encoding="UTF-8"?>
<!-- Generated by org.testng.reporters.JUnitReportReporter -->
<testsuite hostname="jaggu" failures="0" tests="1" name="TestNGAnnotations.ParameterizationDemo" time="0.023" errors="0" timestamp="2023-09-02T16:29:21 IST" skipped="0">
  <testcase classname="TestNGAnnotations.ParameterizationDemo" name="Test1" time="0.023"/>
</testsuite> <!-- TestNGAnnotations.ParameterizationDemo -->
