<?xml version="1.0" encoding="UTF-8"?>
<!-- Generated by org.testng.reporters.JUnitReportReporter -->
<testsuite hostname="jaggu" failures="0" tests="11" name="TestNGAnnotations.DifferentAnnotations" time="0.061" errors="0" timestamp="2023-09-01T22:41:28 IST" skipped="1">
  <testcase classname="TestNGAnnotations.DifferentAnnotations" name="method2" time="0.004"/>
  <testcase classname="TestNGAnnotations.DifferentAnnotations" name="method2" time="0.005"/>
  <testcase classname="TestNGAnnotations.DifferentAnnotations" name="method2" time="0.003"/>
  <testcase classname="TestNGAnnotations.DifferentAnnotations" name="method2" time="0.004"/>
  <testcase classname="TestNGAnnotations.DifferentAnnotations" name="method2" time="0.003"/>
  <testcase classname="TestNGAnnotations.DifferentAnnotations" name="method2" time="0.007"/>
  <testcase classname="TestNGAnnotations.DifferentAnnotations" name="method2" time="0.007"/>
  <testcase classname="TestNGAnnotations.DifferentAnnotations" name="method2" time="0.005"/>
  <testcase classname="TestNGAnnotations.DifferentAnnotations" name="method2" time="0.005"/>
  <testcase classname="TestNGAnnotations.DifferentAnnotations" name="method2" time="0.018"/>
  <testcase classname="TestNGAnnotations.DifferentAnnotations" name="method1">
    <skipped/>
  </testcase> <!-- method1 -->
</testsuite> <!-- TestNGAnnotations.DifferentAnnotations -->
