<?xml version="1.0" encoding="UTF-8"?>
<!-- Generated by org.testng.reporters.JUnitReportReporter -->
<testsuite hostname="jaggu" failures="0" tests="11" name="TestNGAnnotations.DifferentAnnotation" time="0.099" errors="0" timestamp="2023-09-02T18:56:50 IST" skipped="0">
  <testcase classname="TestNGAnnotations.DifferentAnnotation" name="method" time="0.015"/>
  <testcase classname="TestNGAnnotations.DifferentAnnotation" name="method" time="0.016"/>
  <testcase classname="TestNGAnnotations.DifferentAnnotation" name="method" time="0.005"/>
  <testcase classname="TestNGAnnotations.DifferentAnnotation" name="method" time="0.006"/>
  <testcase classname="TestNGAnnotations.DifferentAnnotation" name="method1" time="0.003"/>
  <testcase classname="TestNGAnnotations.DifferentAnnotation" name="method" time="0.012"/>
  <testcase classname="TestNGAnnotations.DifferentAnnotation" name="method" time="0.008"/>
  <testcase classname="TestNGAnnotations.DifferentAnnotation" name="method" time="0.004"/>
  <testcase classname="TestNGAnnotations.DifferentAnnotation" name="method" time="0.022"/>
  <testcase classname="TestNGAnnotations.DifferentAnnotation" name="method" time="0.004"/>
  <testcase classname="TestNGAnnotations.DifferentAnnotation" name="method" time="0.004"/>
</testsuite> <!-- TestNGAnnotations.DifferentAnnotation -->
