<?xml version="1.0" encoding="UTF-8"?>
<!-- Generated by org.testng.reporters.JUnitReportReporter -->
<testsuite hostname="jaggu" failures="0" tests="1" name="TestNGAnnotations.TestNGEX1" time="0.153" errors="0" timestamp="2023-08-29T19:51:04 IST" skipped="0">
  <testcase classname="TestNGAnnotations.TestNGEX1" name="method1" time="0.153"/>
</testsuite> <!-- TestNGAnnotations.TestNGEX1 -->
