<?xml version="1.0" encoding="UTF-8"?>
<!-- Generated by org.testng.reporters.JUnitReportReporter -->
<testsuite hostname="jaggu" failures="0" tests="3" name="TestNGAnnotations.dataproviderDemo" time="0.034" errors="0" timestamp="2023-09-01T22:52:01 IST" skipped="0">
  <testcase classname="TestNGAnnotations.dataproviderDemo" name="login" time="0.012"/>
  <testcase classname="TestNGAnnotations.dataproviderDemo" name="login" time="0.005"/>
  <testcase classname="TestNGAnnotations.dataproviderDemo" name="login" time="0.017"/>
</testsuite> <!-- TestNGAnnotations.dataproviderDemo -->
